INFO  08:54:31 Application started. Press Ctrl+C to shut down.
INFO  08:54:31 Application started. Press Ctrl+C to shut down.
INFO  08:54:31 Hosting environment: Development
INFO  08:54:31 Hosting environment: Development
INFO  08:54:31 Content root path: C:\Users\hp\Desktop\CTS\PPO\Pension-Management-Portal-master\AuthorizationAPI
INFO  08:54:31 Content root path: C:\Users\hp\Desktop\CTS\PPO\Pension-Management-Portal-master\AuthorizationAPI
INFO  08:54:51 Login initiated!
INFO  08:54:51 Validating the User!
INFO  12:30:17 Application started. Press Ctrl+C to shut down.
INFO  12:30:17 Application started. Press Ctrl+C to shut down.
INFO  12:30:17 Hosting environment: Development
INFO  12:30:17 Hosting environment: Development
INFO  12:30:17 Content root path: C:\Users\hp\Desktop\CTS\PPO\Pension-Management-Portal-master\AuthorizationAPI
INFO  12:30:17 Content root path: C:\Users\hp\Desktop\CTS\PPO\Pension-Management-Portal-master\AuthorizationAPI
INFO  12:30:28 Login initiated!
INFO  12:30:28 Validating the User!
INFO  12:49:59 Application started. Press Ctrl+C to shut down.
INFO  12:49:59 Application started. Press Ctrl+C to shut down.
INFO  12:49:59 Hosting environment: Development
INFO  12:49:59 Hosting environment: Development
INFO  12:49:59 Content root path: C:\Users\hp\Desktop\CTS\PPO\Pension-Management-Portal-master\AuthorizationAPI
INFO  12:49:59 Content root path: C:\Users\hp\Desktop\CTS\PPO\Pension-Management-Portal-master\AuthorizationAPI
INFO  12:57:31 Login initiated!
INFO  12:57:31 Validating the User!
INFO  12:57:31 Token Is Generated!
INFO  01:38:45 Login initiated!
INFO  01:38:45 Validating the User!
INFO  01:38:45 Token Is Generated!
INFO  02:48:48 Application started. Press Ctrl+C to shut down.
INFO  02:48:48 Application started. Press Ctrl+C to shut down.
INFO  02:48:48 Hosting environment: Development
INFO  02:48:48 Hosting environment: Development
INFO  02:48:48 Content root path: C:\Users\hp\Desktop\CTS\PPO\Pension-Management-Portal-master\AuthorizationAPI
INFO  02:48:48 Content root path: C:\Users\hp\Desktop\CTS\PPO\Pension-Management-Portal-master\AuthorizationAPI
INFO  02:49:15 Login initiated!
INFO  02:49:15 Validating the User!
INFO  02:49:15 Token Is Generated!
INFO  03:12:24 Login initiated!
INFO  03:12:24 Validating the User!
INFO  03:12:24 Token Is Generated!
INFO  03:17:15 Login initiated!
INFO  03:17:15 Validating the User!
INFO  03:17:15 Token Is Generated!
INFO  03:22:52 Login initiated!
INFO  03:22:52 Validating the User!
INFO  03:22:52 Token Is Generated!
INFO  03:24:33 Login initiated!
INFO  03:24:33 Validating the User!
INFO  03:24:33 Token Is Generated!
INFO  03:25:46 Login initiated!
INFO  03:25:46 Validating the User!
INFO  03:25:46 Token Is Generated!
INFO  03:46:56 Login initiated!
INFO  03:46:56 Validating the User!
INFO  03:46:56 Token Is Generated!
INFO  03:57:48 Login initiated!
INFO  03:57:48 Validating the User!
INFO  03:57:48 Token Is Generated!
INFO  03:58:41 Login initiated!
INFO  03:58:41 Validating the User!
INFO  03:58:41 Token Is Generated!
INFO  04:42:24 Login initiated!
INFO  04:42:24 Validating the User!
INFO  04:42:24 Token Is Generated!
INFO  05:02:44 Login initiated!
INFO  05:02:44 Validating the User!
INFO  05:02:44 Token Is Generated!
INFO  05:03:02 Login initiated!
INFO  05:03:02 Validating the User!
INFO  05:03:02 Token Is Generated!
INFO  05:11:25 Login initiated!
INFO  05:11:25 Validating the User!
INFO  05:11:25 Token Is Generated!
INFO  05:35:45 Login initiated!
INFO  05:35:45 Validating the User!
INFO  05:35:45 Token Is Generated!
INFO  05:42:06 Login initiated!
INFO  05:42:06 Validating the User!
INFO  05:42:06 Token Is Generated!
INFO  05:52:13 Login initiated!
INFO  05:52:13 Validating the User!
INFO  05:52:13 Token Is Generated!
INFO  10:51:54 Application started. Press Ctrl+C to shut down.
INFO  10:51:54 Application started. Press Ctrl+C to shut down.
INFO  10:51:54 Hosting environment: Development
INFO  10:51:54 Hosting environment: Development
INFO  10:51:54 Content root path: C:\Users\hp\Desktop\CTS\PPO\Pension-Management-Portal-master\AuthorizationAPI
INFO  10:51:54 Content root path: C:\Users\hp\Desktop\CTS\PPO\Pension-Management-Portal-master\AuthorizationAPI
INFO  10:51:55 Login initiated!
INFO  10:51:55 Validating the User!
INFO  10:51:55 Token Is Generated!
INFO  11:36:30 Login initiated!
INFO  11:36:30 Validating the User!
INFO  11:36:30 Token Is Generated!
INFO  11:59:58 Login initiated!
INFO  11:59:58 Validating the User!
INFO  11:59:58 Token Is Generated!
INFO  12:40:48 Login initiated!
INFO  12:40:48 Validating the User!
INFO  12:40:48 Token Is Generated!
INFO  12:46:57 Login initiated!
INFO  12:46:57 Validating the User!
INFO  12:46:57 Token Is Generated!
INFO  12:48:20 Login initiated!
INFO  12:48:20 Validating the User!
INFO  12:48:20 Token Is Generated!
INFO  12:48:46 Login initiated!
INFO  12:48:46 Validating the User!
INFO  12:48:46 Token Is Generated!
INFO  12:53:55 Login initiated!
INFO  12:53:55 Validating the User!
INFO  12:53:55 Token Is Generated!
INFO  12:55:53 Login initiated!
INFO  12:55:53 Validating the User!
INFO  12:55:53 Token Is Generated!
INFO  12:57:38 Login initiated!
INFO  12:57:38 Validating the User!
INFO  12:57:38 Token Is Generated!
INFO  12:57:57 Login initiated!
INFO  12:57:57 Validating the User!
INFO  12:57:57 Token Is Generated!
INFO  12:58:41 Login initiated!
INFO  12:58:41 Validating the User!
INFO  12:58:41 Token Is Generated!
INFO  12:58:53 Login initiated!
INFO  12:58:53 Validating the User!
INFO  12:59:10 Login initiated!
INFO  12:59:10 Validating the User!
INFO  12:59:10 Token Is Generated!
INFO  12:59:40 Login initiated!
INFO  12:59:40 Validating the User!
INFO  01:02:08 Login initiated!
INFO  01:02:08 Validating the User!
INFO  01:02:08 Token Is Generated!
INFO  01:02:18 Login initiated!
INFO  01:02:18 Validating the User!
INFO  01:04:20 Login initiated!
INFO  01:04:20 Validating the User!
INFO  01:04:20 Token Is Generated!
INFO  01:04:23 Login initiated!
INFO  01:04:23 Validating the User!
INFO  01:06:22 Login initiated!
INFO  01:06:22 Validating the User!
INFO  01:06:22 Token Is Generated!
INFO  01:06:31 Login initiated!
INFO  01:06:31 Validating the User!
INFO  01:07:10 Login initiated!
INFO  01:07:10 Validating the User!
INFO  01:07:10 Token Is Generated!
INFO  01:07:16 Login initiated!
INFO  01:07:16 Validating the User!
INFO  01:09:05 Login initiated!
INFO  01:09:05 Validating the User!
INFO  01:09:28 Application started. Press Ctrl+C to shut down.
INFO  01:09:28 Application started. Press Ctrl+C to shut down.
INFO  01:09:28 Hosting environment: Development
INFO  01:09:28 Hosting environment: Development
INFO  01:09:28 Content root path: C:\Users\hp\Desktop\CTS\PPO\Pension-Management-Portal-master\AuthorizationAPI
INFO  01:09:28 Content root path: C:\Users\hp\Desktop\CTS\PPO\Pension-Management-Portal-master\AuthorizationAPI
INFO  01:10:01 Login initiated!
INFO  01:10:01 Validating the User!
INFO  01:10:53 Login initiated!
INFO  01:10:53 Validating the User!
INFO  01:10:53 Token Is Generated!
INFO  01:16:18 Login initiated!
INFO  01:16:18 Validating the User!
INFO  01:16:18 Token Is Generated!
INFO  01:16:56 Login initiated!
INFO  01:16:56 Validating the User!
INFO  01:16:56 Token Is Generated!
INFO  01:18:02 Login initiated!
INFO  01:18:02 Validating the User!
INFO  01:18:02 Token Is Generated!
INFO  01:18:09 Login initiated!
INFO  01:18:09 Validating the User!
INFO  01:18:09 Token Is Generated!
INFO  02:25:45 Login initiated!
INFO  02:25:45 Validating the User!
INFO  02:25:45 Token Is Generated!
INFO  02:33:28 Login initiated!
INFO  02:33:28 Validating the User!
INFO  02:33:28 Token Is Generated!
INFO  02:38:31 Login initiated!
INFO  02:38:31 Validating the User!
INFO  02:38:31 Token Is Generated!
INFO  02:58:19 Login initiated!
INFO  02:58:19 Validating the User!
INFO  02:58:19 Token Is Generated!
INFO  02:59:15 Login initiated!
INFO  02:59:15 Validating the User!
INFO  02:59:15 Token Is Generated!
INFO  02:59:55 Login initiated!
INFO  02:59:55 Validating the User!
INFO  02:59:55 Token Is Generated!
INFO  03:00:27 Login initiated!
INFO  03:00:27 Validating the User!
INFO  03:00:27 Token Is Generated!
INFO  03:47:16 Login initiated!
INFO  03:47:16 Validating the User!
INFO  03:47:16 Token Is Generated!
INFO  03:50:23 Login initiated!
INFO  03:50:23 Validating the User!
INFO  03:50:23 Token Is Generated!
INFO  03:50:59 Login initiated!
INFO  03:50:59 Validating the User!
INFO  03:50:59 Token Is Generated!
INFO  06:15:17 Login initiated!
INFO  06:15:17 Validating the User!
INFO  06:15:17 Token Is Generated!
INFO  06:20:29 Login initiated!
INFO  06:20:29 Validating the User!
INFO  06:20:29 Token Is Generated!
INFO  06:27:49 Login initiated!
INFO  06:27:49 Validating the User!
INFO  06:27:49 Token Is Generated!
INFO  06:39:36 Login initiated!
INFO  06:39:36 Validating the User!
INFO  06:39:36 Token Is Generated!
INFO  06:39:54 Login initiated!
INFO  06:39:54 Validating the User!
INFO  06:40:47 Login initiated!
INFO  06:40:47 Validating the User!
INFO  06:41:41 Application started. Press Ctrl+C to shut down.
INFO  06:41:41 Application started. Press Ctrl+C to shut down.
INFO  06:41:41 Hosting environment: Development
INFO  06:41:41 Hosting environment: Development
INFO  06:41:41 Content root path: C:\Users\hp\Desktop\CTS\PPO\Pension-Management-Portal-master\AuthorizationAPI
INFO  06:41:41 Content root path: C:\Users\hp\Desktop\CTS\PPO\Pension-Management-Portal-master\AuthorizationAPI
INFO  06:42:04 Login initiated!
INFO  06:42:04 Validating the User!
INFO  06:42:04 Token Is Generated!
INFO  06:42:17 Login initiated!
INFO  06:42:17 Validating the User!
INFO  06:42:17 Token Is Generated!
INFO  06:47:54 Login initiated!
INFO  06:47:54 Validating the User!
INFO  06:47:54 Token Is Generated!
INFO  07:18:38 Login initiated!
INFO  07:18:38 Validating the User!
INFO  07:18:38 Token Is Generated!
INFO  07:19:41 Login initiated!
INFO  07:19:41 Validating the User!
INFO  07:19:41 Token Is Generated!
INFO  07:20:33 Login initiated!
INFO  07:20:33 Validating the User!
INFO  07:20:33 Token Is Generated!
INFO  07:21:16 Login initiated!
INFO  07:21:16 Validating the User!
INFO  07:21:16 Token Is Generated!
INFO  07:21:20 Login initiated!
INFO  07:21:20 Validating the User!
INFO  07:21:20 Token Is Generated!
INFO  07:21:30 Login initiated!
INFO  07:21:30 Validating the User!
INFO  07:21:30 Token Is Generated!
INFO  07:21:41 Login initiated!
INFO  07:21:41 Validating the User!
INFO  07:21:41 Token Is Generated!
INFO  06:50:06 Application started. Press Ctrl+C to shut down.
INFO  06:50:06 Application started. Press Ctrl+C to shut down.
INFO  06:50:06 Hosting environment: Development
INFO  06:50:06 Hosting environment: Development
INFO  06:50:06 Content root path: C:\Users\hp\Desktop\CTS\PPO\Pension-Management-Portal-master\AuthorizationAPI
INFO  06:50:06 Content root path: C:\Users\hp\Desktop\CTS\PPO\Pension-Management-Portal-master\AuthorizationAPI
INFO  06:55:45 Login initiated!
INFO  06:55:45 Validating the User!
INFO  06:55:45 Token Is Generated!
INFO  06:58:17 Login initiated!
INFO  06:58:17 Validating the User!
INFO  06:58:17 Token Is Generated!
INFO  06:58:24 Login initiated!
INFO  06:58:24 Validating the User!
INFO  06:58:36 Login initiated!
INFO  06:58:36 Validating the User!
INFO  06:58:36 Token Is Generated!
INFO  06:58:44 Login initiated!
INFO  06:58:44 Validating the User!
INFO  06:59:47 Login initiated!
INFO  06:59:47 Validating the User!
INFO  06:59:47 Token Is Generated!
INFO  07:01:01 Login initiated!
INFO  07:01:01 Validating the User!
INFO  07:01:01 Token Is Generated!
INFO  07:09:06 Login initiated!
INFO  07:09:06 Validating the User!
INFO  07:09:06 Token Is Generated!
INFO  07:13:05 Login initiated!
INFO  07:13:05 Validating the User!
INFO  07:13:05 Token Is Generated!
INFO  07:17:42 Login initiated!
INFO  07:17:42 Validating the User!
INFO  07:17:42 Token Is Generated!
INFO  07:18:40 Login initiated!
INFO  07:18:40 Validating the User!
INFO  07:18:40 Token Is Generated!
INFO  07:19:06 Login initiated!
INFO  07:19:06 Validating the User!
INFO  07:19:06 Token Is Generated!
INFO  07:19:22 Login initiated!
INFO  07:19:22 Validating the User!
INFO  07:19:22 Token Is Generated!
INFO  07:24:24 Login initiated!
INFO  07:24:24 Validating the User!
INFO  07:24:24 Token Is Generated!
INFO  07:26:54 Login initiated!
INFO  07:26:54 Validating the User!
INFO  07:26:54 Token Is Generated!
INFO  07:30:19 Login initiated!
INFO  07:30:19 Validating the User!
INFO  07:30:19 Token Is Generated!
INFO  07:32:29 Login initiated!
INFO  07:32:29 Validating the User!
INFO  07:32:29 Token Is Generated!
INFO  08:48:33 Login initiated!
INFO  08:48:33 Validating the User!
INFO  08:48:33 Token Is Generated!
INFO  08:49:07 Login initiated!
INFO  08:49:07 Validating the User!
INFO  08:49:07 Token Is Generated!
INFO  08:49:44 Login initiated!
INFO  08:49:44 Validating the User!
INFO  08:49:44 Token Is Generated!
INFO  08:49:59 Login initiated!
INFO  08:49:59 Validating the User!
INFO  08:49:59 Token Is Generated!
INFO  09:03:47 Login initiated!
INFO  09:03:47 Validating the User!
INFO  09:03:47 Token Is Generated!
INFO  09:05:22 Login initiated!
INFO  09:05:22 Validating the User!
INFO  09:05:22 Token Is Generated!
INFO  09:37:42 Login initiated!
INFO  09:37:42 Validating the User!
INFO  09:37:42 Token Is Generated!
INFO  12:11:31 Application started. Press Ctrl+C to shut down.
INFO  12:11:31 Application started. Press Ctrl+C to shut down.
INFO  12:11:31 Hosting environment: Development
INFO  12:11:31 Hosting environment: Development
INFO  12:11:31 Content root path: C:\Users\hp\Desktop\CTS\PPO\Pension-Management-Portal-master\AuthorizationAPI
INFO  12:11:31 Content root path: C:\Users\hp\Desktop\CTS\PPO\Pension-Management-Portal-master\AuthorizationAPI
INFO  12:13:35 Application started. Press Ctrl+C to shut down.
INFO  12:13:35 Application started. Press Ctrl+C to shut down.
INFO  12:13:35 Hosting environment: Development
INFO  12:13:35 Hosting environment: Development
INFO  12:13:35 Content root path: C:\Users\hp\Desktop\CTS\PPO\Pension-Management-Portal-master\AuthorizationAPI
INFO  12:13:35 Content root path: C:\Users\hp\Desktop\CTS\PPO\Pension-Management-Portal-master\AuthorizationAPI
INFO  12:15:20 Application started. Press Ctrl+C to shut down.
INFO  12:15:20 Application started. Press Ctrl+C to shut down.
INFO  12:15:20 Hosting environment: Development
INFO  12:15:20 Hosting environment: Development
INFO  12:15:20 Content root path: C:\Users\hp\Desktop\CTS\PPO\Pension-Management-Portal-master\AuthorizationAPI
INFO  12:15:20 Content root path: C:\Users\hp\Desktop\CTS\PPO\Pension-Management-Portal-master\AuthorizationAPI
INFO  12:20:18 Login initiated!
INFO  12:20:18 Validating the User!
INFO  12:20:18 Token Is Generated!
INFO  12:20:36 Login initiated!
INFO  12:20:36 Validating the User!
INFO  12:20:36 Token Is Generated!
INFO  12:22:02 Login initiated!
INFO  12:22:02 Validating the User!
INFO  12:22:02 Token Is Generated!
INFO  05:31:22 Application started. Press Ctrl+C to shut down.
INFO  05:31:22 Application started. Press Ctrl+C to shut down.
INFO  05:31:22 Hosting environment: Development
INFO  05:31:22 Hosting environment: Development
INFO  05:31:22 Content root path: C:\Users\kapil\OneDrive\Desktop\Pension-Management-Portal-master\AuthorizationAPI
INFO  05:31:22 Content root path: C:\Users\kapil\OneDrive\Desktop\Pension-Management-Portal-master\AuthorizationAPI
INFO  05:33:24 Login initiated!
INFO  05:33:24 Validating the User!
INFO  05:33:24 Token Is Generated!
INFO  05:36:31 Login initiated!
INFO  05:36:31 Validating the User!
INFO  05:36:31 Token Is Generated!
INFO  05:41:48 Login initiated!
INFO  05:41:48 Validating the User!
INFO  05:41:48 Token Is Generated!
INFO  05:43:49 Login initiated!
INFO  05:43:49 Validating the User!
INFO  05:44:28 Login initiated!
INFO  05:44:28 Validating the User!
INFO  05:44:28 Token Is Generated!
INFO  05:48:25 Login initiated!
INFO  05:48:25 Validating the User!
INFO  05:48:25 Token Is Generated!
INFO  05:54:23 Login initiated!
INFO  05:54:23 Validating the User!
INFO  05:54:23 Token Is Generated!
INFO  05:55:31 Login initiated!
INFO  05:55:31 Validating the User!
INFO  05:55:31 Token Is Generated!
INFO  05:58:38 Login initiated!
INFO  05:58:38 Validating the User!
INFO  05:58:38 Token Is Generated!
INFO  06:15:58 Application started. Press Ctrl+C to shut down.
INFO  06:15:58 Application started. Press Ctrl+C to shut down.
INFO  06:15:58 Hosting environment: Development
INFO  06:15:58 Hosting environment: Development
INFO  06:15:58 Content root path: C:\Users\kapil\OneDrive\Desktop\Pension-Management-Portal-master\AuthorizationAPI
INFO  06:15:58 Content root path: C:\Users\kapil\OneDrive\Desktop\Pension-Management-Portal-master\AuthorizationAPI
INFO  06:16:40 Login initiated!
INFO  06:16:40 Validating the User!
INFO  06:16:40 Token Is Generated!
INFO  07:48:20 Application started. Press Ctrl+C to shut down.
INFO  07:48:20 Application started. Press Ctrl+C to shut down.
INFO  07:48:20 Hosting environment: Development
INFO  07:48:20 Hosting environment: Development
INFO  07:48:20 Content root path: C:\Users\Asad\Desktop\IMPORTANT\Pension-Management-Portal-master(Code8)\AuthorizationAPI
INFO  07:48:20 Content root path: C:\Users\Asad\Desktop\IMPORTANT\Pension-Management-Portal-master(Code8)\AuthorizationAPI
INFO  07:54:59 Application started. Press Ctrl+C to shut down.
INFO  07:54:59 Application started. Press Ctrl+C to shut down.
INFO  07:54:59 Hosting environment: Development
INFO  07:54:59 Hosting environment: Development
INFO  07:54:59 Content root path: C:\Users\Asad\Desktop\IMPORTANT\Pension-Management-Portal-master(Code8)\AuthorizationAPI
INFO  07:54:59 Content root path: C:\Users\Asad\Desktop\IMPORTANT\Pension-Management-Portal-master(Code8)\AuthorizationAPI
INFO  07:55:22 Login initiated!
INFO  07:55:22 Validating the User!
INFO  07:55:22 Token Is Generated!
INFO  08:11:55 Application started. Press Ctrl+C to shut down.
INFO  08:11:55 Application started. Press Ctrl+C to shut down.
INFO  08:11:55 Hosting environment: Development
INFO  08:11:55 Hosting environment: Development
INFO  08:11:55 Content root path: C:\Users\Asad\Desktop\IMPORTANT\Pension-Management-Portal-master(Code8)\AuthorizationAPI
INFO  08:11:55 Content root path: C:\Users\Asad\Desktop\IMPORTANT\Pension-Management-Portal-master(Code8)\AuthorizationAPI
INFO  08:13:39 Login initiated!
INFO  08:13:39 Validating the User!
INFO  08:13:39 Token Is Generated!
INFO  08:20:25 Login initiated!
INFO  08:20:25 Validating the User!
INFO  08:20:25 Token Is Generated!
INFO  11:54:49 Application started. Press Ctrl+C to shut down.
INFO  11:54:49 Application started. Press Ctrl+C to shut down.
INFO  11:54:49 Hosting environment: Development
INFO  11:54:49 Hosting environment: Development
INFO  11:54:49 Content root path: C:\Users\Asad\Desktop\IMPORTANT\Pension-Management-Portal-master(Code8)\AuthorizationAPI
INFO  11:54:49 Content root path: C:\Users\Asad\Desktop\IMPORTANT\Pension-Management-Portal-master(Code8)\AuthorizationAPI
INFO  11:55:45 Login initiated!
INFO  11:55:45 Validating the User!
INFO  11:55:45 Token Is Generated!
INFO  01:23:07 Application started. Press Ctrl+C to shut down.
INFO  01:23:07 Application started. Press Ctrl+C to shut down.
INFO  01:23:07 Hosting environment: Development
INFO  01:23:07 Hosting environment: Development
INFO  01:23:07 Content root path: C:\Users\Asad\Desktop\IMPORTANT\Pension-Management-Portal-master(Code8)\AuthorizationAPI
INFO  01:23:07 Content root path: C:\Users\Asad\Desktop\IMPORTANT\Pension-Management-Portal-master(Code8)\AuthorizationAPI
INFO  01:23:44 Login initiated!
INFO  01:23:44 Validating the User!
INFO  01:23:44 Token Is Generated!
INFO  11:16:58 Application started. Press Ctrl+C to shut down.
INFO  11:16:58 Application started. Press Ctrl+C to shut down.
INFO  11:16:58 Hosting environment: Development
INFO  11:16:58 Hosting environment: Development
INFO  11:16:58 Content root path: C:\Users\Asad\Desktop\IMPORTANT\Pension-Management-Portal-master(Code8)\AuthorizationAPI
INFO  11:16:58 Content root path: C:\Users\Asad\Desktop\IMPORTANT\Pension-Management-Portal-master(Code8)\AuthorizationAPI
INFO  11:17:57 Login initiated!
INFO  11:17:57 Validating the User!
INFO  11:17:57 Token Is Generated!
INFO  11:44:29 Login initiated!
INFO  11:44:29 Validating the User!
INFO  11:44:29 Token Is Generated!
INFO  11:54:53 Login initiated!
INFO  11:54:53 Validating the User!
INFO  11:54:53 Token Is Generated!
INFO  11:57:28 Login initiated!
INFO  11:57:28 Validating the User!
INFO  11:57:28 Token Is Generated!
INFO  12:10:45 Application started. Press Ctrl+C to shut down.
INFO  12:10:45 Application started. Press Ctrl+C to shut down.
INFO  12:10:45 Hosting environment: Development
INFO  12:10:45 Hosting environment: Development
INFO  12:10:45 Content root path: C:\Users\Asad\Desktop\IMPORTANT\Pension-Management-Portal-master(Code8)\AuthorizationAPI
INFO  12:10:45 Content root path: C:\Users\Asad\Desktop\IMPORTANT\Pension-Management-Portal-master(Code8)\AuthorizationAPI
INFO  12:12:39 Login initiated!
INFO  12:12:39 Login initiated!
INFO  12:12:39 Validating the User!
INFO  12:12:39 Validating the User!
INFO  12:12:39 Token Is Generated!
INFO  12:12:39 Token Is Generated!
INFO  12:18:24 Login initiated!
INFO  12:18:24 Validating the User!
INFO  12:18:24 Token Is Generated!
INFO  12:19:21 Login initiated!
INFO  12:19:21 Validating the User!
INFO  12:19:21 Token Is Generated!
INFO  12:22:51 Login initiated!
INFO  12:22:51 Validating the User!
INFO  12:22:51 Token Is Generated!
INFO  12:36:41 Login initiated!
INFO  12:36:41 Validating the User!
INFO  12:36:50 Login initiated!
INFO  12:36:50 Validating the User!
INFO  12:36:50 Token Is Generated!
INFO  12:37:07 Login initiated!
INFO  12:37:07 Validating the User!
INFO  12:37:11 Login initiated!
INFO  12:37:11 Validating the User!
INFO  12:37:11 Token Is Generated!
INFO  01:14:05 Application started. Press Ctrl+C to shut down.
INFO  01:14:05 Application started. Press Ctrl+C to shut down.
INFO  01:14:05 Hosting environment: Development
INFO  01:14:05 Hosting environment: Development
INFO  01:14:05 Content root path: C:\Users\Asad\Desktop\IMPORTANT\Pension-Management-Portal-master(Code8)\AuthorizationAPI
INFO  01:14:05 Content root path: C:\Users\Asad\Desktop\IMPORTANT\Pension-Management-Portal-master(Code8)\AuthorizationAPI
INFO  01:22:00 Login initiated!
INFO  01:22:00 Validating the User!
INFO  01:22:00 Token Is Generated!
INFO  06:10:01 Application started. Press Ctrl+C to shut down.
INFO  06:10:01 Application started. Press Ctrl+C to shut down.
INFO  06:10:01 Hosting environment: Development
INFO  06:10:01 Hosting environment: Development
INFO  06:10:01 Content root path: C:\Users\Asad\Desktop\IMPORTANT\Pension-Management-Portal-master(Code8)\AuthorizationAPI
INFO  06:10:01 Content root path: C:\Users\Asad\Desktop\IMPORTANT\Pension-Management-Portal-master(Code8)\AuthorizationAPI
INFO  06:11:49 Login initiated!
INFO  06:11:49 Login initiated!
INFO  06:11:49 Validating the User!
INFO  06:11:49 Validating the User!
INFO  06:11:49 Token Is Generated!
INFO  06:11:49 Token Is Generated!
INFO  12:04:02 Application started. Press Ctrl+C to shut down.
INFO  12:04:02 Application started. Press Ctrl+C to shut down.
INFO  12:04:02 Hosting environment: Development
INFO  12:04:02 Hosting environment: Development
INFO  12:04:02 Content root path: C:\Users\Asad\Desktop\IMPORTANT\Pension-Management-Portal-master(Code8)\AuthorizationAPI
INFO  12:04:02 Content root path: C:\Users\Asad\Desktop\IMPORTANT\Pension-Management-Portal-master(Code8)\AuthorizationAPI
INFO  12:05:49 Login initiated!
INFO  12:05:49 Validating the User!
INFO  12:05:49 Token Is Generated!
INFO  12:09:18 Login initiated!
INFO  12:09:18 Validating the User!
INFO  12:09:18 Token Is Generated!
INFO  12:18:01 Login initiated!
INFO  12:18:01 Validating the User!
INFO  12:18:01 Token Is Generated!
INFO  12:16:55 Application started. Press Ctrl+C to shut down.
INFO  12:16:55 Application started. Press Ctrl+C to shut down.
INFO  12:16:55 Hosting environment: Development
INFO  12:16:55 Hosting environment: Development
INFO  12:16:55 Content root path: C:\Users\Asad\Desktop\IMPORTANT\Pension-Management-Portal-master(Code8)\AuthorizationAPI
INFO  12:16:55 Content root path: C:\Users\Asad\Desktop\IMPORTANT\Pension-Management-Portal-master(Code8)\AuthorizationAPI
INFO  12:18:23 Login initiated!
INFO  12:18:23 Validating the User!
INFO  12:18:23 Token Is Generated!
INFO  12:23:48 Login initiated!
INFO  12:23:48 Validating the User!
INFO  12:23:48 Token Is Generated!
INFO  12:29:00 Login initiated!
INFO  12:29:00 Validating the User!
INFO  12:29:00 Token Is Generated!
INFO  12:42:59 Login initiated!
INFO  12:42:59 Validating the User!
INFO  12:42:59 Token Is Generated!
INFO  12:45:02 Login initiated!
INFO  12:45:02 Validating the User!
INFO  12:45:02 Token Is Generated!
INFO  09:14:05 Application started. Press Ctrl+C to shut down.
INFO  09:14:05 Application started. Press Ctrl+C to shut down.
INFO  09:14:05 Hosting environment: Development
INFO  09:14:05 Hosting environment: Development
INFO  09:14:05 Content root path: C:\Users\Asad\Desktop\IMPORTANT\Pension-Management-Portal-master(Code8)\AuthorizationAPI
INFO  09:14:05 Content root path: C:\Users\Asad\Desktop\IMPORTANT\Pension-Management-Portal-master(Code8)\AuthorizationAPI
INFO  09:15:19 Login initiated!
INFO  09:15:19 Validating the User!
INFO  09:15:19 Token Is Generated!
INFO  09:15:42 Login initiated!
INFO  09:15:42 Validating the User!
INFO  09:16:00 Login initiated!
INFO  09:16:00 Validating the User!
INFO  09:16:00 Token Is Generated!
INFO  09:19:22 Login initiated!
INFO  09:19:22 Validating the User!
INFO  09:19:22 Token Is Generated!
INFO  09:21:53 Login initiated!
INFO  09:21:53 Validating the User!
INFO  09:21:53 Token Is Generated!
INFO  09:35:22 Login initiated!
INFO  09:35:22 Validating the User!
INFO  09:35:42 Login initiated!
INFO  09:35:42 Validating the User!
INFO  09:35:55 Login initiated!
INFO  09:35:55 Validating the User!
INFO  09:36:39 Login initiated!
INFO  09:36:39 Validating the User!
INFO  09:38:54 Login initiated!
INFO  09:38:54 Validating the User!
INFO  09:38:54 Token Is Generated!
INFO  09:44:35 Login initiated!
INFO  09:44:35 Validating the User!
INFO  09:44:35 Token Is Generated!
INFO  09:52:58 Login initiated!
INFO  09:52:58 Validating the User!
INFO  09:52:58 Token Is Generated!
INFO  09:55:08 Login initiated!
INFO  09:55:08 Validating the User!
INFO  09:55:08 Token Is Generated!
INFO  10:07:46 Login initiated!
INFO  10:07:46 Validating the User!
INFO  10:07:46 Token Is Generated!
INFO  10:14:40 Login initiated!
INFO  10:14:40 Validating the User!
INFO  10:14:40 Token Is Generated!
INFO  10:31:06 Login initiated!
INFO  10:31:06 Validating the User!
INFO  10:32:27 Login initiated!
INFO  10:32:27 Validating the User!
INFO  10:32:27 Token Is Generated!
INFO  12:18:33 Application started. Press Ctrl+C to shut down.
INFO  12:18:33 Application started. Press Ctrl+C to shut down.
INFO  12:18:33 Hosting environment: Development
INFO  12:18:33 Hosting environment: Development
INFO  12:18:33 Content root path: C:\Users\Asad\Desktop\IMPORTANT\Pension-Management-Portal-master(Code8)\AuthorizationAPI
INFO  12:18:33 Content root path: C:\Users\Asad\Desktop\IMPORTANT\Pension-Management-Portal-master(Code8)\AuthorizationAPI
INFO  12:19:42 Login initiated!
INFO  12:19:42 Validating the User!
INFO  12:20:02 Login initiated!
INFO  12:20:02 Validating the User!
INFO  12:20:23 Login initiated!
INFO  12:20:23 Validating the User!
INFO  12:20:42 Login initiated!
INFO  12:20:42 Validating the User!
INFO  12:20:42 Token Is Generated!
INFO  12:29:54 Login initiated!
INFO  12:29:54 Validating the User!
INFO  12:29:54 Token Is Generated!
INFO  12:46:18 Login initiated!
INFO  12:46:18 Validating the User!
INFO  12:46:18 Token Is Generated!
INFO  12:48:50 Application started. Press Ctrl+C to shut down.
INFO  12:48:50 Application started. Press Ctrl+C to shut down.
INFO  12:48:50 Hosting environment: Development
INFO  12:48:50 Hosting environment: Development
INFO  12:48:50 Content root path: C:\Users\Asad\Desktop\IMPORTANT\Pension-Management-Portal-master(Code8)\AuthorizationAPI
INFO  12:48:50 Content root path: C:\Users\Asad\Desktop\IMPORTANT\Pension-Management-Portal-master(Code8)\AuthorizationAPI
INFO  12:49:52 Login initiated!
INFO  12:49:52 Validating the User!
INFO  12:50:10 Login initiated!
INFO  12:50:10 Validating the User!
INFO  12:50:36 Login initiated!
INFO  12:50:36 Validating the User!
INFO  12:50:36 Token Is Generated!
INFO  12:55:10 Login initiated!
INFO  12:55:10 Validating the User!
INFO  12:55:50 Login initiated!
INFO  12:55:50 Validating the User!
INFO  12:55:50 Token Is Generated!
INFO  12:58:46 Login initiated!
INFO  12:58:46 Validating the User!
INFO  12:59:07 Login initiated!
INFO  12:59:07 Validating the User!
INFO  12:59:07 Token Is Generated!
INFO  01:00:51 Login initiated!
INFO  01:00:51 Validating the User!
INFO  01:00:51 Token Is Generated!
INFO  03:00:25 Application started. Press Ctrl+C to shut down.
INFO  03:00:25 Application started. Press Ctrl+C to shut down.
INFO  03:00:25 Hosting environment: Development
INFO  03:00:25 Hosting environment: Development
INFO  03:00:25 Content root path: C:\Users\Asad\Desktop\IMPORTANT\Pension-Management-Portal-master(Code8)\AuthorizationAPI
INFO  03:00:25 Content root path: C:\Users\Asad\Desktop\IMPORTANT\Pension-Management-Portal-master(Code8)\AuthorizationAPI
INFO  03:04:10 Login initiated!
INFO  03:04:10 Validating the User!
INFO  03:04:10 Token Is Generated!
INFO  03:09:13 Login initiated!
INFO  03:09:13 Validating the User!
INFO  03:09:13 Token Is Generated!
INFO  03:23:48 Application started. Press Ctrl+C to shut down.
INFO  03:23:48 Application started. Press Ctrl+C to shut down.
INFO  03:23:48 Hosting environment: Development
INFO  03:23:48 Hosting environment: Development
INFO  03:23:48 Content root path: C:\Users\Asad\Desktop\IMPORTANT\Pension-Management-Portal-master(Code8)\AuthorizationAPI
INFO  03:23:48 Content root path: C:\Users\Asad\Desktop\IMPORTANT\Pension-Management-Portal-master(Code8)\AuthorizationAPI
INFO  03:24:46 Login initiated!
INFO  03:24:46 Validating the User!
INFO  03:24:46 Token Is Generated!
INFO  03:31:31 Login initiated!
INFO  03:31:31 Validating the User!
INFO  03:31:47 Login initiated!
INFO  03:31:47 Validating the User!
INFO  03:31:47 Token Is Generated!
INFO  08:33:23 Application started. Press Ctrl+C to shut down.
INFO  08:33:23 Application started. Press Ctrl+C to shut down.
INFO  08:33:23 Hosting environment: Development
INFO  08:33:23 Hosting environment: Development
INFO  08:33:23 Content root path: C:\Users\Asad\Desktop\IMPORTANT\Pension-Management-Portal-master(Code8)\AuthorizationAPI
INFO  08:33:23 Content root path: C:\Users\Asad\Desktop\IMPORTANT\Pension-Management-Portal-master(Code8)\AuthorizationAPI
INFO  08:39:47 Application started. Press Ctrl+C to shut down.
INFO  08:39:47 Application started. Press Ctrl+C to shut down.
INFO  08:39:47 Hosting environment: Development
INFO  08:39:47 Hosting environment: Development
INFO  08:39:47 Content root path: C:\Users\Asad\Desktop\IMPORTANT\Pension-Management-Portal-master(Code8)\AuthorizationAPI
INFO  08:39:47 Content root path: C:\Users\Asad\Desktop\IMPORTANT\Pension-Management-Portal-master(Code8)\AuthorizationAPI
INFO  08:43:10 Login initiated!
INFO  08:43:10 Validating the User!
INFO  08:43:10 Token Is Generated!
INFO  08:53:52 Login initiated!
INFO  08:53:52 Validating the User!
INFO  08:53:52 Token Is Generated!
INFO  11:17:42 Login initiated!
INFO  11:17:42 Validating the User!
INFO  11:18:01 Login initiated!
INFO  11:18:01 Validating the User!
INFO  11:18:11 Login initiated!
INFO  11:18:11 Validating the User!
INFO  11:18:11 Token Is Generated!
INFO  01:03:24 Application started. Press Ctrl+C to shut down.
INFO  01:03:24 Application started. Press Ctrl+C to shut down.
INFO  01:03:24 Hosting environment: Development
INFO  01:03:24 Hosting environment: Development
INFO  01:03:24 Content root path: C:\Users\Asad\Desktop\IMPORTANT\Pension-Management-Portal-master(Code8)\AuthorizationAPI
INFO  01:03:24 Content root path: C:\Users\Asad\Desktop\IMPORTANT\Pension-Management-Portal-master(Code8)\AuthorizationAPI
INFO  01:04:29 Login initiated!
INFO  01:04:29 Validating the User!
INFO  01:04:29 Token Is Generated!
INFO  01:10:00 Application started. Press Ctrl+C to shut down.
INFO  01:10:00 Application started. Press Ctrl+C to shut down.
INFO  01:10:00 Hosting environment: Development
INFO  01:10:00 Hosting environment: Development
INFO  01:10:00 Content root path: C:\Users\Asad\Desktop\IMPORTANT\Pension-Management-Portal-master(Code8)\AuthorizationAPI
INFO  01:10:00 Content root path: C:\Users\Asad\Desktop\IMPORTANT\Pension-Management-Portal-master(Code8)\AuthorizationAPI
INFO  01:10:49 Login initiated!
INFO  01:10:49 Validating the User!
INFO  01:10:49 Token Is Generated!
INFO  07:59:21 Application started. Press Ctrl+C to shut down.
INFO  07:59:21 Application started. Press Ctrl+C to shut down.
INFO  07:59:21 Hosting environment: Development
INFO  07:59:21 Hosting environment: Development
INFO  07:59:21 Content root path: C:\Users\Asad\Desktop\IMPORTANT\Pension-Management-Portal-master(Code8)\AuthorizationAPI
INFO  07:59:21 Content root path: C:\Users\Asad\Desktop\IMPORTANT\Pension-Management-Portal-master(Code8)\AuthorizationAPI
INFO  08:00:30 Login initiated!
INFO  08:00:30 Validating the User!
INFO  08:00:30 Token Is Generated!
